2021-04-10 23:13:58,315 50 27 0 -5.0 -2.3
2021-04-10 23:13:58,336 50 27 0 -27.9375 -42.739999999999995
2021-04-10 23:13:58,353 50 27 0 -27.9375 -3.26
2021-04-10 23:13:58,370 50 27 0 -27.9375 -3.32
2021-04-10 23:13:58,385 50 27 0 -27.9375 -3.26
2021-04-10 23:13:58,401 50 27 0 -27.9375 -3.26
2021-04-10 23:13:58,417 50 27 0 -27.9375 -3.26
2021-04-10 23:13:58,434 50 27 0 -27.9375 -3.26
2021-04-10 23:13:58,450 50 27 0 -27.9375 -3.32
2021-04-10 23:13:58,468 50 27 0 -27.9375 -3.38
2021-04-10 23:13:58,487 50 27 0 -27.9375 -3.44
2021-04-10 23:13:58,503 50 27 0 -27.9375 -3.26
2021-04-10 23:13:58,519 50 27 0 -27.9375 -3.32
2021-04-10 23:13:58,536 50 27 0 -27.9375 -3.26
2021-04-10 23:13:58,553 50 27 0 -27.9375 -3.32
2021-04-10 23:13:58,569 50 27 0 -27.9375 -3.26
2021-04-10 23:13:58,586 50 27 0 -27.9375 -3.26
2021-04-10 23:13:58,601 50 27 0 -27.9375 -3.26
2021-04-10 23:13:58,617 50 27 0 -27.9375 -3.32
2021-04-10 23:13:58,634 50 27 0 -27.9375 -3.26
2021-04-10 23:13:58,650 50 27 0 -27.9375 -3.26
2021-04-10 23:13:58,665 50 27 0 -27.9375 -3.26
2021-04-10 23:13:58,681 50 27 0 -27.9375 -3.26
2021-04-10 23:13:58,697 50 27 0 -27.9375 -3.26
2021-04-10 23:13:58,714 50 27 0 -27.9375 -3.26
2021-04-10 23:13:58,730 50 27 0 -27.9375 -3.26
2021-04-10 23:13:58,747 50 27 0 -27.9375 -3.26
2021-04-10 23:13:58,762 50 27 0 -27.9375 -3.26
2021-04-10 23:13:58,780 50 27 0 -27.9375 -3.26
2021-04-10 23:13:58,795 50 27 0 -27.9375 -3.32
2021-04-10 23:13:58,812 50 27 0 -27.9375 -3.32
2021-04-10 23:13:58,830 50 27 0 -27.9375 -3.26
2021-04-10 23:13:58,845 50 27 0 -27.9375 -3.32
2021-04-10 23:13:58,862 50 27 0 -27.9375 -3.26
2021-04-10 23:13:58,879 50 27 0 -27.9375 -3.38
2021-04-10 23:13:58,896 50 27 0 -27.9375 -3.26
2021-04-10 23:13:58,912 50 27 0 -27.9375 -3.26
2021-04-10 23:13:58,928 50 27 0 -27.9375 -3.32
2021-04-10 23:13:58,944 50 27 0 -27.9375 -3.26
2021-04-10 23:13:58,961 50 27 0 -27.9375 -3.26
2021-04-10 23:13:58,978 50 27 0 -27.9375 -3.38
2021-04-10 23:13:58,996 50 27 0 -27.9375 -3.26
2021-04-10 23:13:59,011 50 27 0 -27.9375 -3.32
2021-04-10 23:13:59,029 50 27 0 -27.9375 -3.26
2021-04-10 23:13:59,044 50 27 0 -27.9375 -3.32
2021-04-10 23:13:59,061 50 27 0 -27.9375 -3.26
2021-04-10 23:13:59,076 50 27 0 -27.9375 -3.26
2021-04-10 23:13:59,093 50 56 0 -27.9375 -0.36
2021-04-10 23:13:59,109 50 56 0 -27.9375 -0.36
2021-04-10 23:13:59,124 50 56 0 -27.9375 -0.36
2021-04-10 23:13:59,140 50 56 0 -27.9375 -0.36
2021-04-10 23:13:59,162 50 56 0 -27.9375 -0.66
2021-04-10 23:13:59,177 50 56 0 -27.9375 -0.36
2021-04-10 23:13:59,199 50 56 0 -27.9375 -0.66
2021-04-10 23:13:59,215 50 56 0 -27.9375 -0.42000000000000004
2021-04-10 23:13:59,232 50 56 0 -27.9375 -0.36
2021-04-10 23:13:59,247 50 56 0 -27.9375 -0.36
2021-04-10 23:13:59,263 50 56 0 -27.9375 -0.36
2021-04-10 23:13:59,280 50 56 0 -27.9375 -0.36
2021-04-10 23:13:59,296 50 56 0 -27.9375 -0.36
2021-04-10 23:13:59,312 50 56 0 -27.9375 -0.36
2021-04-10 23:13:59,328 50 56 0 -27.9375 -0.36
2021-04-10 23:13:59,345 50 56 0 -27.9375 -0.42000000000000004
2021-04-10 23:13:59,360 50 56 0 -27.9375 -0.36
2021-04-10 23:13:59,378 50 56 0 -27.9375 -0.42000000000000004
2021-04-10 23:13:59,393 50 56 0 -27.9375 -0.36
2021-04-10 23:13:59,409 50 56 0 -27.9375 -0.36
2021-04-10 23:13:59,427 50 56 0 -27.9375 -0.36
2021-04-10 23:13:59,441 50 56 0 -27.9375 -0.36
2021-04-10 23:13:59,458 50 56 0 -27.9375 -0.36
2021-04-10 23:13:59,474 50 56 0 -27.9375 -0.4800000000000001
2021-04-10 23:13:59,491 50 56 0 -27.9375 -0.36
2021-04-10 23:13:59,506 50 56 0 -27.9375 -0.36
2021-04-10 23:13:59,522 50 56 0 -27.9375 -0.36
2021-04-10 23:13:59,539 50 56 0 -27.9375 -0.36
2021-04-10 23:13:59,555 50 56 0 -27.9375 -0.42000000000000004
2021-04-10 23:13:59,571 50 56 0 -27.9375 -0.36
2021-04-10 23:13:59,588 50 56 0 -27.9375 -0.36
2021-04-10 23:13:59,604 50 56 0 -27.9375 -0.42000000000000004
2021-04-10 23:13:59,621 50 56 0 -27.9375 -0.36
2021-04-10 23:13:59,636 50 56 0 -27.9375 -0.36
2021-04-10 23:13:59,653 50 56 0 -27.9375 -0.36
2021-04-10 23:13:59,669 50 56 0 -27.9375 -0.42000000000000004
2021-04-10 23:13:59,686 50 56 0 -27.9375 -0.36
2021-04-10 23:13:59,705 50 56 0 -27.9375 -0.5400000000000001
2021-04-10 23:13:59,720 50 56 0 -27.9375 -0.36
2021-04-10 23:13:59,738 50 56 0 -27.9375 -0.36
2021-04-10 23:13:59,753 50 56 0 -27.9375 -0.36
2021-04-10 23:13:59,769 50 56 0 -27.9375 -0.36
2021-04-10 23:13:59,787 50 56 0 -27.9375 -0.4800000000000001
2021-04-10 23:13:59,803 50 56 0 -27.9375 -0.36
2021-04-10 23:13:59,819 50 56 0 -27.9375 -0.36
2021-04-10 23:13:59,836 50 56 0 -27.9375 -0.36
2021-04-10 23:13:59,853 50 56 0 -27.9375 -0.4800000000000001
2021-04-10 23:13:59,870 50 56 0 -27.9375 -0.36
2021-04-10 23:13:59,886 50 56 0 -27.9375 -0.42000000000000004
2021-04-10 23:13:59,903 50 56 0 -27.9375 -0.36
2021-04-10 23:13:59,919 50 56 0 -27.9375 -0.42000000000000004
2021-04-10 23:13:59,936 50 56 0 -27.9375 -0.36
2021-04-10 23:13:59,951 50 56 0 -27.9375 -0.36
2021-04-10 23:13:59,969 50 56 0 -27.9375 -0.42000000000000004
2021-04-10 23:13:59,985 50 56 0 -27.9375 -0.42000000000000004
2021-04-10 23:14:00,002 50 56 0 -27.9375 -0.36
2021-04-10 23:14:00,017 50 56 0 -27.9375 -0.36
2021-04-10 23:14:00,033 50 56 0 -27.9375 -0.36
2021-04-10 23:14:00,050 50 56 0 -27.9375 -0.36
2021-04-10 23:14:00,065 50 56 0 -27.9375 -0.36
2021-04-10 23:14:00,081 50 74 0 -27.7071 1.44
2021-04-10 23:14:00,098 50 74 0 -27.4767 1.44
2021-04-10 23:14:00,114 50 74 0 -27.2421 1.38
2021-04-10 23:14:00,131 50 74 0 -27.0117 1.44
2021-04-10 23:14:00,148 50 74 0 -26.7741 1.3199999999999998
2021-04-10 23:14:00,164 50 74 0 -26.5437 1.44
2021-04-10 23:14:00,181 50 74 0 -26.3133 1.44
2021-04-10 23:14:00,196 50 74 0 -26.082900000000002 1.44
2021-04-10 23:14:00,212 50 74 0 -25.852500000000003 1.44
2021-04-10 23:14:00,229 50 74 0 -25.617900000000002 1.38
2021-04-10 23:14:00,245 50 74 0 -25.387500000000003 1.44
2021-04-10 23:14:00,262 50 74 0 -25.157100000000003 1.44
2021-04-10 23:14:00,279 50 74 0 -24.922500000000003 1.38
2021-04-10 23:14:00,296 50 74 0 -24.687900000000003 1.38
2021-04-10 23:14:00,311 50 74 0 -24.457500000000003 1.44
2021-04-10 23:14:00,327 50 74 0 -24.227100000000004 1.44
2021-04-10 23:14:00,344 50 74 0 -23.996700000000004 1.44
2021-04-10 23:14:00,360 50 74 0 -23.762100000000004 1.38
2021-04-10 23:14:00,377 50 74 0 -23.531700000000004 1.44
2021-04-10 23:14:00,393 50 74 0 -23.297100000000004 1.38
2021-04-10 23:14:00,410 50 74 0 -23.066700000000004 1.44
2021-04-10 23:14:00,426 50 74 0 -22.832100000000004 1.38
2021-04-10 23:14:00,443 50 74 0 -22.601700000000005 1.44
2021-04-10 23:14:00,458 50 74 0 -22.371300000000005 1.44
2021-04-10 23:14:00,474 50 74 0 -22.136700000000005 1.38
2021-04-10 23:14:00,501 50 74 0 -21.911700000000003 0.8999999999999999
2021-04-10 23:14:00,520 50 74 0 -21.671700000000005 1.1999999999999997
2021-04-10 23:14:00,539 50 74 0 -21.432300000000005 1.2599999999999998
2021-04-10 23:14:00,558 50 74 0 -21.192900000000005 1.2599999999999998
2021-04-10 23:14:00,576 50 74 0 -20.955300000000005 1.3199999999999998
2021-04-10 23:14:00,594 50 74 0 -20.717700000000004 1.3199999999999998
2021-04-10 23:14:00,617 50 74 0 -20.483100000000004 1.0199999999999998
2021-04-10 23:14:00,635 50 74 0 -20.243700000000004 1.2599999999999998
2021-04-10 23:14:00,651 50 74 0 -20.013300000000005 1.44
2021-04-10 23:14:00,668 50 74 0 -19.778700000000004 1.38
2021-04-10 23:14:00,686 50 74 0 -19.541100000000004 1.3199999999999998
2021-04-10 23:14:00,703 50 74 0 -19.310700000000004 1.44
2021-04-10 23:14:00,720 50 74 0 -19.076100000000004 1.38
2021-04-10 23:14:00,737 50 74 0 -18.841500000000003 1.38
2021-04-10 23:14:00,754 50 74 0 -18.611100000000004 1.44
2021-04-10 23:14:00,785 50 74 0 -18.443700000000003 0.54
2021-04-10 23:14:00,818 50 74 0 -18.321300000000004 0.3599999999999999
2021-04-10 23:14:00,837 50 74 0 -18.083700000000004 1.3199999999999998
2021-04-10 23:14:00,857 50 74 0 -17.843700000000005 1.1999999999999997
2021-04-10 23:14:00,872 50 74 0 -17.613300000000006 1.44
2021-04-10 23:14:00,888 50 74 0 -17.382900000000006 1.44
2021-04-10 23:14:00,905 50 74 0 -17.152500000000007 1.44
2021-04-10 23:14:00,920 50 74 0 -16.922100000000007 1.44
2021-04-10 23:14:00,937 50 74 0 -16.691700000000008 1.44
2021-04-10 23:14:00,954 50 74 0 -16.457100000000008 1.38
2021-04-10 23:14:00,969 50 74 0 -16.226700000000008 1.44
2021-04-10 23:14:00,985 50 74 0 -15.996300000000009 1.44
2021-04-10 23:14:01,002 50 74 0 -15.76590000000001 1.44
2021-04-10 23:14:01,018 50 74 0 -15.531300000000009 1.38
2021-04-10 23:14:01,034 50 74 0 -15.30090000000001 1.44
2021-04-10 23:14:01,051 50 74 0 -15.07050000000001 1.44
2021-04-10 23:14:01,067 50 74 0 -14.84010000000001 1.44
2021-04-10 23:14:01,083 50 74 0 -14.60970000000001 1.44
2021-04-10 23:14:01,099 50 83 0 -14.235300000000011 2.34
2021-04-10 23:14:01,115 50 83 0 -13.860900000000012 2.34
2021-04-10 23:14:01,131 50 83 0 -13.47330000000001 2.28
2021-04-10 23:14:01,148 50 83 0 -13.08570000000001 2.28
2021-04-10 23:14:01,165 50 83 0 -12.71130000000001 2.34
2021-04-10 23:14:01,181 50 83 0 -12.33690000000001 2.34
2021-04-10 23:14:01,197 50 83 0 -11.962500000000011 2.34
2021-04-10 23:14:01,214 50 83 0 -11.562900000000012 2.2199999999999998
2021-04-10 23:14:01,230 50 83 0 -11.188500000000012 2.34
2021-04-10 23:14:01,247 50 83 0 -10.814100000000012 2.34
2021-04-10 23:14:01,263 50 83 0 -10.426500000000011 2.28
2021-04-10 23:14:01,279 50 83 0 -10.052100000000012 2.34
2021-04-10 23:14:01,297 50 83 0 -9.664500000000011 2.28
2021-04-10 23:14:01,313 50 83 0 -9.290100000000011 2.34
2021-04-10 23:14:01,329 50 83 0 -8.915700000000012 2.34
2021-04-10 23:14:01,344 50 83 0 -8.541300000000012 2.34
2021-04-10 23:14:01,361 50 83 0 -8.153700000000011 2.28
2021-04-10 23:14:01,378 50 83 0 -7.779300000000012 2.34
2021-04-10 23:14:01,394 50 83 0 -7.391700000000012 2.28
2021-04-10 23:14:01,411 50 83 0 -7.017300000000012 2.34
2021-04-10 23:14:01,426 50 83 0 -6.6429000000000125 2.34
2021-04-10 23:14:01,442 50 83 0 -6.268500000000013 2.34
2021-04-10 23:14:01,461 50 83 0 -5.848500000000013 2.0999999999999996
2021-04-10 23:14:01,478 50 83 0 -5.460900000000013 2.28
2021-04-10 23:14:01,494 50 83 0 -5.086500000000013 2.34
2021-04-10 23:14:01,511 50 83 0 -5.0 2.34
2021-04-10 23:14:01,527 50 83 0 -5.0 2.28
2021-04-10 23:14:01,543 50 83 0 -5.0 2.34
2021-04-10 23:14:01,560 50 83 0 -5.0 2.34
2021-04-10 23:14:01,576 50 83 0 -5.0 2.34
2021-04-10 23:14:01,591 50 83 0 -5.0 2.34
2021-04-10 23:14:01,607 50 83 0 -5.0 2.34
2021-04-10 23:14:01,624 50 83 0 -5.0 2.34
2021-04-10 23:14:01,641 50 83 0 -5.0 2.34
2021-04-10 23:14:01,657 50 83 0 -5.0 2.28
2021-04-10 23:14:01,678 50 83 0 -5.0 2.0999999999999996
2021-04-10 23:14:01,693 50 83 0 -5.0 2.28
2021-04-10 23:14:01,710 50 83 0 -5.0 2.34
2021-04-10 23:14:01,726 50 83 0 -5.0 2.34
2021-04-10 23:14:01,742 50 83 0 -5.0 2.34
2021-04-10 23:14:01,760 50 83 0 -5.0 2.28
2021-04-10 23:14:01,776 50 83 0 -5.0 2.28
2021-04-10 23:14:01,793 50 83 0 -5.0 2.34
2021-04-10 23:14:01,808 50 83 0 -5.0 2.34
2021-04-10 23:14:01,824 50 83 0 -5.0 2.34
2021-04-10 23:14:01,840 50 83 0 -5.0 2.34
2021-04-10 23:14:01,857 50 83 0 -5.0 2.28
2021-04-10 23:14:01,873 50 83 0 -5.0 2.34
2021-04-10 23:14:01,889 50 83 0 -5.0 2.34
2021-04-10 23:14:01,905 50 83 0 -5.0 2.34
2021-04-10 23:14:01,922 50 83 0 -5.0 2.34
2021-04-10 23:14:01,938 50 83 0 -5.0 2.34
2021-04-10 23:14:01,954 50 83 0 -5.0 2.34
2021-04-10 23:14:01,973 50 83 0 -5.0 2.1599999999999997
2021-04-10 23:14:01,989 50 83 0 -5.0 2.34
2021-04-10 23:14:02,006 50 83 0 -5.0 2.28
2021-04-10 23:14:02,022 50 83 0 -5.0 2.34
2021-04-10 23:14:02,038 50 83 0 -5.0 2.28
2021-04-10 23:14:02,055 50 83 0 -5.0 2.28
2021-04-10 23:14:02,072 50 83 0 -5.0 2.34
2021-04-10 23:14:02,089 50 83 0 -5.0 2.34
2021-04-10 23:14:02,105 50 93 0 -5.0 3.2199999999999998
2021-04-10 23:14:02,121 50 93 0 -5.0 3.34
2021-04-10 23:14:02,138 50 93 0 -5.0 3.28
2021-04-10 23:14:02,155 50 93 0 -5.0 3.28
2021-04-10 23:14:02,172 50 93 0 -5.0 3.34
2021-04-10 23:14:02,187 50 93 0 -5.0 3.34
2021-04-10 23:14:02,203 50 93 0 -5.0 3.34
2021-04-10 23:14:02,219 50 93 0 -5.0 3.34
2021-04-10 23:14:02,235 50 93 0 -5.0 3.34
2021-04-10 23:14:02,252 50 93 0 -5.0 3.34
2021-04-10 23:14:02,267 50 93 0 -5.0 3.34
2021-04-10 23:14:02,284 50 93 0 -5.0 3.34
2021-04-10 23:14:02,300 50 93 0 -5.0 3.34
2021-04-10 23:14:02,316 50 93 0 -5.0 3.28
2021-04-10 23:14:02,333 50 93 0 -5.0 3.34
2021-04-10 23:14:02,349 50 93 0 -5.0 3.28
2021-04-10 23:14:02,366 50 93 0 -5.0 3.34
2021-04-10 23:14:02,382 50 93 0 -5.0 3.28
2021-04-10 23:14:02,399 50 93 0 -5.0 3.34
2021-04-10 23:14:02,417 50 93 0 -5.0 3.1599999999999997
2021-04-10 23:14:02,434 50 93 0 -5.0 3.34
2021-04-10 23:14:02,449 50 93 0 -5.0 3.34
2021-04-10 23:14:02,466 50 93 0 -5.0 3.2199999999999998
2021-04-10 23:14:02,483 50 93 0 -5.0 3.34
2021-04-10 23:14:02,503 50 93 0 -5.0 3.04
2021-04-10 23:14:02,519 50 93 0 -5.0 3.34
2021-04-10 23:14:02,536 50 93 0 -5.0 3.34
2021-04-10 23:14:02,551 50 93 0 -5.0 3.34
2021-04-10 23:14:02,568 50 93 0 -5.0 3.28
2021-04-10 23:14:02,585 50 93 0 -5.0 3.28
2021-04-10 23:14:02,602 50 93 0 -5.0 3.34
2021-04-10 23:14:02,617 50 93 0 -5.0 3.34
2021-04-10 23:14:02,634 50 93 0 -5.0 3.28
2021-04-10 23:14:02,650 50 93 0 -5.0 3.34
2021-04-10 23:14:02,668 50 93 0 -5.0 3.34
2021-04-10 23:14:02,684 50 93 0 -5.0 3.28
2021-04-10 23:14:02,700 50 93 1 -5.0 3.28
2021-04-10 23:14:02,717 50 93 1 -5.0 3.34
2021-04-10 23:14:02,734 50 93 1 -5.0 3.34
2021-04-10 23:14:02,749 50 93 1 -5.0 3.34
2021-04-10 23:14:02,767 50 93 1 -5.0 3.28
2021-04-10 23:14:02,782 50 93 1 -5.0 3.34
2021-04-10 23:14:02,799 50 93 1 -5.0 3.34
2021-04-10 23:14:02,814 50 93 1 -5.0 3.34
2021-04-10 23:14:02,831 50 93 1 -5.0 3.34
2021-04-10 23:14:02,846 50 93 1 -5.0 3.34
2021-04-10 23:14:02,862 50 93 2 -5.0 3.34
2021-04-10 23:14:02,879 50 93 2 -5.0 3.34
2021-04-10 23:14:02,895 50 93 2 -5.0 3.28
2021-04-10 23:14:02,911 50 93 2 -5.0 3.34
2021-04-10 23:14:02,927 50 93 2 -5.0 3.34
2021-04-10 23:14:02,944 50 93 2 -5.0 3.34
2021-04-10 23:14:02,961 50 93 2 -5.0 3.28
2021-04-10 23:14:02,977 50 93 2 -5.0 3.34
2021-04-10 23:14:02,993 50 93 2 -5.0 3.34
2021-04-10 23:14:03,008 50 93 2 -5.0 3.34
2021-04-10 23:14:03,024 50 93 3 -5.0 3.34
2021-04-10 23:14:03,041 50 93 3 -5.0 3.34
2021-04-10 23:14:03,057 50 93 3 -5.0 3.34
2021-04-10 23:14:03,074 50 93 3 -5.0 3.28
2021-04-10 23:14:03,098 50 93 3 -5.0 2.92
2021-04-10 23:14:03,123 50 67 3 -5.0 0.07999999999999985
2021-04-10 23:14:03,140 50 67 3 -5.0 0.6799999999999999
2021-04-10 23:14:03,156 50 67 3 -5.0 0.74
2021-04-10 23:14:03,172 50 67 3 -5.0 0.74
2021-04-10 23:14:03,189 50 67 3 -5.0 0.74
2021-04-10 23:14:03,205 50 67 4 -5.0 0.6799999999999999
2021-04-10 23:14:03,222 50 67 4 -5.0 0.74
2021-04-10 23:14:03,237 50 67 4 -5.0 0.74
2021-04-10 23:14:03,254 50 67 4 -5.0 0.74
2021-04-10 23:14:03,271 50 67 4 -5.0 0.6799999999999999
2021-04-10 23:14:03,286 50 67 4 -5.0 0.74
2021-04-10 23:14:03,303 50 67 4 -5.0 0.74
2021-04-10 23:14:03,319 50 67 4 -5.0 0.74
2021-04-10 23:14:03,336 50 67 4 -5.0 0.6799999999999999
2021-04-10 23:14:03,351 50 67 4 -5.0 0.74
2021-04-10 23:14:03,368 50 67 5 -5.0 0.74
2021-04-10 23:14:03,383 50 67 5 -5.0 0.74
2021-04-10 23:14:03,401 50 67 5 -5.0 0.6799999999999999
2021-04-10 23:14:03,416 50 67 5 -5.0 0.74
2021-04-10 23:14:03,432 50 67 5 -5.0 0.74
2021-04-10 23:14:03,448 50 67 5 -5.0 0.74
2021-04-10 23:14:03,466 50 67 5 -5.0 0.6199999999999999
2021-04-10 23:14:03,483 50 67 5 -5.0 0.6799999999999999
2021-04-10 23:14:03,499 50 67 5 -5.0 0.74
2021-04-10 23:14:03,515 50 67 5 -5.0 0.74
2021-04-10 23:14:03,532 50 67 6 -5.0 0.6199999999999999
2021-04-10 23:14:03,548 50 67 6 -5.0 0.74
2021-04-10 23:14:03,564 50 67 6 -5.0 0.74
2021-04-10 23:14:03,580 50 67 6 -5.0 0.74
2021-04-10 23:14:03,597 50 67 6 -5.0 0.74
2021-04-10 23:14:03,614 50 67 6 -5.0 0.6799999999999999
2021-04-10 23:14:03,630 50 67 6 -5.0 0.74
2021-04-10 23:14:03,645 50 67 6 -5.0 0.74
2021-04-10 23:14:03,661 50 67 6 -5.0 0.74
2021-04-10 23:14:03,678 50 67 6 -5.0 0.74
2021-04-10 23:14:03,694 50 67 7 -5.0 0.74
2021-04-10 23:14:03,709 50 67 7 -5.0 0.74
2021-04-10 23:14:03,726 50 67 7 -5.0 0.74
2021-04-10 23:14:03,742 50 67 7 -5.0 0.74
2021-04-10 23:14:03,758 50 67 7 -5.0 0.74
2021-04-10 23:14:03,775 50 67 7 -5.0 0.74
2021-04-10 23:14:03,792 50 67 7 -5.0 0.6799999999999999
2021-04-10 23:14:03,808 50 67 7 -5.0 0.6799999999999999
2021-04-10 23:14:03,824 50 67 7 -5.0 0.74
2021-04-10 23:14:03,840 50 67 7 -5.0 0.74
2021-04-10 23:14:03,857 50 67 8 -5.0 0.6799999999999999
2021-04-10 23:14:03,874 50 67 8 -5.0 0.74
2021-04-10 23:14:03,891 50 67 8 -5.0 0.74
2021-04-10 23:14:03,907 50 67 8 -5.0 0.6799999999999999
2021-04-10 23:14:03,923 50 67 8 -5.0 0.74
2021-04-10 23:14:03,938 50 67 8 -5.0 0.74
2021-04-10 23:14:03,955 50 67 8 -5.0 0.74
2021-04-10 23:14:03,986 50 67 8 -5.03 -0.09999999999999987
2021-04-10 23:14:04,010 50 67 8 -5.0 0.19999999999999996
2021-04-10 23:14:04,026 50 67 8 -5.0 0.6799999999999999
2021-04-10 23:14:04,044 50 67 9 -5.0 0.6199999999999999
2021-04-10 23:14:04,060 50 67 9 -5.0 0.74
2021-04-10 23:14:04,076 50 67 9 -5.0 0.74
2021-04-10 23:14:04,093 50 67 9 -5.0 0.74
2021-04-10 23:14:04,109 50 67 9 -5.0 0.74
2021-04-10 23:14:04,125 50 67 9 -5.0 0.74
2021-04-10 23:14:04,141 50 48 9 -5.1856 -1.16
2021-04-10 23:14:04,157 50 48 9 -5.3712 -1.16
2021-04-10 23:14:04,174 50 48 9 -5.6016 -1.28
2021-04-10 23:14:04,191 50 48 9 -5.7872 -1.16
2021-04-10 23:14:04,206 50 48 9 -5.9728 -1.16
2021-04-10 23:14:04,222 50 48 9 -6.1584 -1.16
2021-04-10 23:14:04,238 50 48 9 -6.344 -1.16
2021-04-10 23:14:04,255 50 48 9 -6.5514 -1.22
2021-04-10 23:14:04,272 50 48 9 -6.737 -1.16
2021-04-10 23:14:04,288 50 48 9 -6.9226 -1.16
2021-04-10 23:14:04,304 50 48 9 -7.13 -1.22
2021-04-10 23:14:04,320 50 48 9 -7.3156 -1.16
2021-04-10 23:14:04,337 50 48 9 -7.5012 -1.16
2021-04-10 23:14:04,353 50 48 9 -7.6868 -1.16
2021-04-10 23:14:04,369 50 48 9 -7.8942 -1.22
2021-04-10 23:14:04,385 50 48 9 -8.079799999999999 -1.16
2021-04-10 23:14:04,402 50 48 9 -8.2654 -1.16
2021-04-10 23:14:04,418 50 48 9 -8.451 -1.16
2021-04-10 23:14:04,435 50 48 9 -8.6814 -1.28
2021-04-10 23:14:04,452 50 48 9 -8.8888 -1.22
2021-04-10 23:14:04,468 50 48 9 -9.0962 -1.22
2021-04-10 23:14:04,486 50 48 9 -9.3036 -1.22
2021-04-10 23:14:04,504 50 48 9 -9.5582 -1.34
2021-04-10 23:14:04,520 50 48 9 -9.7438 -1.16
2021-04-10 23:14:04,536 50 48 9 -9.929400000000001 -1.16
2021-04-10 23:14:04,552 50 48 9 -10.115000000000002 -1.16
2021-04-10 23:14:04,569 50 48 9 -10.300600000000003 -1.16
2021-04-10 23:14:04,585 50 48 9 -10.486200000000004 -1.16
2021-04-10 23:14:04,601 50 48 9 -10.671800000000005 -1.16
2021-04-10 23:14:04,617 50 48 9 -10.879200000000004 -1.22
2021-04-10 23:14:04,634 50 48 9 -11.086600000000004 -1.22
2021-04-10 23:14:04,651 50 48 9 -11.272200000000005 -1.16
2021-04-10 23:14:04,671 50 48 9 -11.578800000000005 -1.46
2021-04-10 23:14:04,687 50 48 9 -11.764400000000006 -1.16
2021-04-10 23:14:04,703 50 48 9 -11.950000000000006 -1.16
2021-04-10 23:14:04,720 50 48 9 -12.135600000000007 -1.16
2021-04-10 23:14:04,738 50 48 9 -12.366000000000007 -1.28
2021-04-10 23:14:04,754 50 48 9 -12.551600000000008 -1.16
2021-04-10 23:14:04,771 50 48 9 -12.737200000000009 -1.16
2021-04-10 23:14:04,786 50 48 9 -12.92280000000001 -1.16
2021-04-10 23:14:04,803 50 48 9 -13.13020000000001 -1.22
2021-04-10 23:14:04,819 50 48 9 -13.31580000000001 -1.16
2021-04-10 23:14:04,835 50 48 9 -13.501400000000011 -1.16
2021-04-10 23:14:04,852 50 48 9 -13.687000000000012 -1.16
2021-04-10 23:14:04,868 50 48 9 -13.894400000000012 -1.22
2021-04-10 23:14:04,885 50 48 9 -14.080000000000013 -1.16
2021-04-10 23:14:04,901 50 48 9 -14.265600000000013 -1.16
2021-04-10 23:14:04,917 50 48 9 -14.451200000000014 -1.16
2021-04-10 23:14:04,934 50 48 9 -14.658600000000014 -1.22
2021-04-10 23:14:04,950 50 48 9 -14.844200000000015 -1.16
2021-04-10 23:14:04,966 50 48 9 -15.051600000000015 -1.22
2021-04-10 23:14:04,982 50 48 9 -15.237200000000016 -1.16
2021-04-10 23:14:05,011 50 48 9 -15.694800000000015 -1.76
2021-04-10 23:14:05,042 50 48 9 -16.373200000000015 -2.12
2021-04-10 23:14:05,058 50 48 9 -16.603600000000014 -1.28
2021-04-10 23:14:05,074 50 48 9 -16.789200000000015 -1.16
2021-04-10 23:14:05,090 50 48 9 -16.974800000000016 -1.16
2021-04-10 23:14:05,107 50 48 9 -17.160400000000017 -1.16
2021-04-10 23:14:05,122 50 37 9 -17.522000000000016 -2.26
2021-04-10 23:14:05,139 50 37 9 -17.883600000000015 -2.26
2021-04-10 23:14:05,155 50 37 9 -18.245200000000015 -2.26
2021-04-10 23:14:05,171 50 37 9 -18.606800000000014 -2.26
2021-04-10 23:14:05,187 50 37 9 -18.968400000000013 -2.26
2021-04-10 23:14:05,203 50 37 9 -19.362800000000014 -2.3200000000000003
2021-04-10 23:14:05,219 50 37 9 -19.724400000000013 -2.26
2021-04-10 23:14:05,235 50 37 9 -20.086000000000013 -2.26
2021-04-10 23:14:05,253 50 37 9 -20.447600000000012 -2.26
2021-04-10 23:14:05,269 50 37 9 -20.842000000000013 -2.3200000000000003
2021-04-10 23:14:05,285 50 37 9 -21.203600000000012 -2.26
2021-04-10 23:14:05,301 50 37 9 -21.56520000000001 -2.26
2021-04-10 23:14:05,317 50 37 9 -21.92680000000001 -2.26
2021-04-10 23:14:05,333 50 37 9 -22.28840000000001 -2.26
2021-04-10 23:14:05,349 50 37 9 -22.65000000000001 -2.26
2021-04-10 23:14:05,364 50 37 9 -23.01160000000001 -2.26
2021-04-10 23:14:05,380 50 37 9 -23.373200000000008 -2.26
2021-04-10 23:14:05,398 50 37 9 -23.76760000000001 -2.3200000000000003
2021-04-10 23:14:05,414 50 37 9 -24.129200000000008 -2.26
2021-04-10 23:14:05,429 50 37 9 -24.490800000000007 -2.26
2021-04-10 23:14:05,446 50 37 9 -24.852400000000006 -2.26
2021-04-10 23:14:05,463 50 37 9 -25.280800000000006 -2.38
2021-04-10 23:14:05,479 50 37 9 -25.675200000000007 -2.3200000000000003
2021-04-10 23:14:05,497 50 37 9 -26.103600000000007 -2.38
2021-04-10 23:14:05,515 50 37 9 -26.465200000000006 -2.26
2021-04-10 23:14:05,531 50 37 9 -26.859600000000007 -2.3200000000000003
2021-04-10 23:14:05,547 50 37 9 -27.25400000000001 -2.3200000000000003
2021-04-10 23:14:05,564 50 37 9 -27.615600000000008 -2.26
2021-04-10 23:14:05,580 50 37 9 -27.9375 -2.3200000000000003
2021-04-10 23:14:05,597 50 37 9 -27.9375 -2.26
2021-04-10 23:14:05,613 50 37 9 -27.9375 -2.26
2021-04-10 23:14:05,632 50 37 9 -27.9375 -2.5
2021-04-10 23:14:05,649 50 37 9 -27.9375 -2.26
2021-04-10 23:14:05,666 50 37 9 -27.9375 -2.3200000000000003
2021-04-10 23:14:05,682 50 37 9 -27.9375 -2.26
2021-04-10 23:14:05,698 50 37 9 -27.9375 -2.3200000000000003
2021-04-10 23:14:05,714 50 37 9 -27.9375 -2.26
2021-04-10 23:14:05,732 50 37 9 -27.9375 -2.26
2021-04-10 23:14:05,747 50 37 9 -27.9375 -2.26
2021-04-10 23:14:05,764 50 37 9 -27.9375 -2.3200000000000003
2021-04-10 23:14:05,780 50 37 9 -27.9375 -2.26
2021-04-10 23:14:05,797 50 37 9 -27.9375 -2.26
2021-04-10 23:14:05,813 50 37 9 -27.9375 -2.26
2021-04-10 23:14:05,829 50 37 9 -27.9375 -2.3200000000000003
2021-04-10 23:14:05,847 50 37 9 -27.9375 -2.26
2021-04-10 23:14:05,862 50 37 9 -27.9375 -2.26
2021-04-10 23:14:05,877 50 37 9 -27.9375 -2.26
2021-04-10 23:14:05,893 50 37 9 -27.9375 -2.26
2021-04-10 23:14:05,910 50 37 9 -27.9375 -2.26
2021-04-10 23:14:05,925 50 37 9 -27.9375 -2.26
2021-04-10 23:14:05,942 50 37 9 -27.9375 -2.26
2021-04-10 23:14:05,961 50 37 9 -27.9375 -2.4400000000000004
2021-04-10 23:14:05,979 50 37 9 -27.9375 -2.38
2021-04-10 23:14:05,994 50 37 9 -27.9375 -2.26
2021-04-10 23:14:06,011 50 37 9 -27.9375 -2.26
2021-04-10 23:14:06,028 50 37 9 -27.9375 -2.3200000000000003
2021-04-10 23:14:06,043 50 37 9 -27.9375 -2.26
2021-04-10 23:14:06,060 50 37 9 -27.9375 -2.3200000000000003
2021-04-10 23:14:06,079 50 37 9 -27.9375 -2.38
2021-04-10 23:14:06,095 50 37 9 -27.9375 -2.26
2021-04-10 23:14:06,111 50 37 9 -27.9375 -2.26
2021-04-10 23:14:06,126 50 37 9 -27.9375 -2.26
2021-04-10 23:14:06,144 50 37 9 -27.9375 -2.3200000000000003
2021-04-10 23:14:06,160 50 37 9 -27.9375 -2.26
2021-04-10 23:14:06,175 50 37 9 -27.9375 -2.26
2021-04-10 23:14:06,192 50 17 9 -27.9375 -4.26
2021-04-10 23:14:06,208 50 17 9 -27.9375 -4.32
2021-04-10 23:14:06,225 50 17 9 -27.9375 -4.26
2021-04-10 23:14:06,240 50 17 9 -27.9375 -4.26
2021-04-10 23:14:06,256 50 17 9 -27.9375 -4.26
2021-04-10 23:14:06,272 50 17 9 -27.9375 -4.26
2021-04-10 23:14:06,289 50 17 9 -27.9375 -4.26
2021-04-10 23:14:06,304 50 17 9 -27.9375 -4.26
2021-04-10 23:14:06,320 50 17 9 -27.9375 -4.26
2021-04-10 23:14:06,336 50 17 9 -27.9375 -4.26
2021-04-10 23:14:06,352 50 17 9 -27.9375 -4.26
2021-04-10 23:14:06,369 50 17 9 -27.9375 -4.26
2021-04-10 23:14:06,385 50 17 9 -27.9375 -4.26
2021-04-10 23:14:06,401 50 17 9 -27.9375 -4.26
2021-04-10 23:14:06,416 50 17 9 -27.9375 -4.26
2021-04-10 23:14:06,432 50 17 9 -27.9375 -4.26
2021-04-10 23:14:06,449 50 17 9 -27.9375 -4.26
2021-04-10 23:14:06,470 50 17 9 -27.9375 -4.62
2021-04-10 23:14:06,489 50 17 9 -27.9375 -4.4399999999999995
2021-04-10 23:14:06,505 50 17 9 -27.9375 -4.32
2021-04-10 23:14:06,522 50 17 9 -27.9375 -4.26
2021-04-10 23:14:06,537 50 17 9 -27.9375 -4.26
2021-04-10 23:14:06,554 50 17 9 -27.9375 -4.26
2021-04-10 23:14:06,569 50 17 9 -27.9375 -4.26
2021-04-10 23:14:06,585 50 17 9 -27.9375 -4.26
2021-04-10 23:14:06,602 50 17 9 -27.9375 -4.26
2021-04-10 23:14:06,617 50 17 9 -27.9375 -4.26
2021-04-10 23:14:06,633 50 17 9 -27.9375 -4.26
2021-04-10 23:14:06,650 50 17 9 -27.9375 -4.26
2021-04-10 23:14:06,665 50 17 9 -27.9375 -4.26
2021-04-10 23:14:06,682 50 17 9 -27.9375 -4.26
2021-04-10 23:14:06,697 50 17 9 -27.9375 -4.26
2021-04-10 23:14:06,714 50 17 9 -27.9375 -4.32
2021-04-10 23:14:06,732 50 17 9 -27.9375 -4.26
2021-04-10 23:14:06,749 50 17 9 -27.9375 -4.32
2021-04-10 23:14:06,764 50 17 9 -27.9375 -4.26
2021-04-10 23:14:06,780 50 17 9 -27.9375 -4.26
2021-04-10 23:14:06,797 50 17 9 -27.9375 -4.26
2021-04-10 23:14:06,813 50 17 9 -27.9375 -4.26
2021-04-10 23:14:06,829 50 17 9 -27.9375 -4.32
2021-04-10 23:14:06,846 50 17 9 -27.9375 -4.26
2021-04-10 23:14:06,864 50 17 9 -27.9375 -4.38
2021-04-10 23:14:06,880 50 17 9 -27.9375 -4.32
2021-04-10 23:14:06,897 50 17 9 -27.9375 -4.26
2021-04-10 23:14:06,913 50 17 9 -27.9375 -4.26
2021-04-10 23:14:06,929 50 17 9 -27.9375 -4.32
2021-04-10 23:14:06,946 50 17 9 -27.9375 -4.32
2021-04-10 23:14:06,966 50 17 9 -27.9375 -4.4399999999999995
2021-04-10 23:14:06,997 50 17 9 -27.9375 -5.16
2021-04-10 23:14:07,028 50 17 9 -27.9375 -5.16
2021-04-10 23:14:07,047 50 17 9 -27.9375 -4.5
2021-04-10 23:14:07,069 50 17 9 -27.9375 -4.56
2021-04-10 23:14:07,122 50 17 9 -27.9375 -6.359999999999999
2021-04-10 23:14:07,154 50 17 9 -27.9375 -5.279999999999999
2021-04-10 23:14:07,184 50 17 9 -27.9375 -5.16
2021-04-10 23:14:07,204 50 17 9 -27.9375 -4.5
2021-04-10 23:14:07,221 50 17 9 -27.9375 -4.38
2021-04-10 23:14:07,244 50 27 9 -27.9375 -3.62
2021-04-10 23:14:07,262 50 27 9 -27.9375 -3.44
2021-04-10 23:14:07,280 50 27 9 -27.9375 -3.38
2021-04-10 23:14:07,309 50 27 9 -27.9375 -3.92
2021-04-10 23:14:07,338 50 27 9 -27.9375 -4.039999999999999
2021-04-10 23:14:07,360 50 27 9 -27.9375 -3.6799999999999997
2021-04-10 23:14:07,377 50 27 9 -27.9375 -3.38
2021-04-10 23:14:07,394 50 27 9 -27.9375 -3.32
2021-04-10 23:14:07,411 50 27 9 -27.9375 -3.26
2021-04-10 23:14:07,454 50 27 9 -27.9375 -4.88
2021-04-10 23:14:07,493 50 27 9 -27.9375 -4.64
2021-04-10 23:14:07,524 50 27 9 -27.9375 -4.22
2021-04-10 23:14:07,566 50 27 9 -27.9375 -4.82
2021-04-10 23:14:07,584 50 27 9 -27.9375 -3.44
2021-04-10 23:14:07,602 50 27 9 -27.9375 -3.32
2021-04-10 23:14:07,627 50 27 9 -27.9375 -3.8
2021-04-10 23:14:07,642 50 27 9 -27.9375 -3.26
2021-04-10 23:14:07,659 50 27 9 -27.9375 -3.26
2021-04-10 23:14:07,674 50 27 9 -27.9375 -3.26
2021-04-10 23:14:07,691 50 27 9 -27.9375 -3.32
2021-04-10 23:14:07,709 50 27 9 -27.9375 -3.32
2021-04-10 23:14:07,724 50 27 9 -27.9375 -3.26
2021-04-10 23:14:07,741 50 27 9 -27.9375 -3.26
2021-04-10 23:14:07,758 50 27 9 -27.9375 -3.26
2021-04-10 23:14:07,773 50 27 9 -27.9375 -3.26
2021-04-10 23:14:07,789 50 27 9 -27.9375 -3.26
2021-04-10 23:14:07,805 50 27 9 -27.9375 -3.26
2021-04-10 23:14:07,822 50 27 9 -27.9375 -3.26
2021-04-10 23:14:07,838 50 27 9 -27.9375 -3.26
2021-04-10 23:14:07,853 50 27 9 -27.9375 -3.26
2021-04-10 23:14:07,869 50 27 9 -27.9375 -3.26
2021-04-10 23:14:07,886 50 27 9 -27.9375 -3.26
2021-04-10 23:14:07,902 50 27 9 -27.9375 -3.32
2021-04-10 23:14:07,918 50 27 9 -27.9375 -3.26
2021-04-10 23:14:07,934 50 27 9 -27.9375 -3.26
2021-04-10 23:14:07,951 50 27 9 -27.9375 -3.26
2021-04-10 23:14:07,969 50 27 9 -27.9375 -3.38
2021-04-10 23:14:07,990 50 27 9 -27.9375 -3.5599999999999996
2021-04-10 23:14:08,008 50 27 9 -27.9375 -3.38
2021-04-10 23:14:08,025 50 27 9 -27.9375 -3.38
2021-04-10 23:14:08,041 50 27 9 -27.9375 -3.26
2021-04-10 23:14:08,057 50 27 9 -27.9375 -3.26
2021-04-10 23:14:08,074 50 27 9 -27.9375 -3.26
2021-04-10 23:14:08,092 50 27 9 -27.9375 -3.38
2021-04-10 23:14:08,107 50 27 9 -27.9375 -3.26
2021-04-10 23:14:08,125 50 27 9 -27.9375 -3.32
2021-04-10 23:14:08,143 50 27 9 -27.9375 -3.44
2021-04-10 23:14:08,170 50 27 9 -27.9375 -3.86
2021-04-10 23:14:08,187 50 27 9 -27.9375 -3.38
2021-04-10 23:14:08,203 50 27 9 -27.9375 -3.26
2021-04-10 23:14:08,220 50 27 9 -27.9375 -3.26
2021-04-10 23:14:08,237 50 27 9 -27.9375 -3.38
2021-04-10 23:14:08,253 50 27 9 -27.9375 -3.26
2021-04-10 23:14:08,269 50 34 9 -27.9375 -2.56
2021-04-10 23:14:08,285 50 34 9 -27.9375 -2.56
2021-04-10 23:14:08,302 50 34 9 -27.9375 -2.56
2021-04-10 23:14:18,910 30 67 0 -5.0 2.74
2021-04-10 23:14:18,931 30 67 0 -27.9375 -633.14
2021-04-10 23:14:18,950 30 67 0 -27.4511 2.56
2021-04-10 23:14:18,972 30 67 0 -26.9387 2.4400000000000004
2021-04-10 23:14:18,990 30 67 0 -26.4523 2.56
2021-04-10 23:14:19,009 30 67 0 -25.9659 2.56
2021-04-10 23:14:19,027 30 67 0 -25.494300000000003 2.62
2021-04-10 23:14:19,045 30 67 0 -25.022700000000004 2.62
2021-04-10 23:14:19,063 30 67 0 -24.551100000000005 2.62
2021-04-10 23:14:19,081 30 67 0 -24.079500000000007 2.62
2021-04-10 23:14:19,099 30 67 0 -23.607900000000008 2.62
2021-04-10 23:14:19,117 30 67 0 -23.152300000000007 2.68
2021-04-10 23:14:19,135 30 67 0 -22.68070000000001 2.62
2021-04-10 23:14:19,153 30 67 0 -22.19430000000001 2.56
2021-04-10 23:14:19,171 30 67 0 -21.72270000000001 2.62
2021-04-10 23:14:19,189 30 63 0 -21.33510000000001 2.28
2021-04-10 23:14:19,207 30 63 0 -20.93550000000001 2.2199999999999998
2021-04-10 23:14:19,225 30 63 0 -20.535900000000012 2.2199999999999998
2021-04-10 23:14:19,243 30 63 0 -20.136300000000013 2.2199999999999998
2021-04-10 23:14:19,261 30 63 0 -19.725900000000014 2.1599999999999997
2021-04-10 23:14:19,279 30 63 0 -19.326300000000014 2.2199999999999998
2021-04-10 23:14:19,299 30 63 0 -18.915900000000015 2.1599999999999997
2021-04-10 23:14:19,316 30 63 0 -18.516300000000015 2.2199999999999998
2021-04-10 23:14:19,334 30 63 0 -18.128700000000016 2.28
2021-04-10 23:14:19,352 30 63 0 -17.729100000000017 2.2199999999999998
2021-04-10 23:14:19,370 30 63 0 -17.329500000000017 2.2199999999999998
2021-04-10 23:14:19,387 30 63 0 -16.929900000000018 2.2199999999999998
2021-04-10 23:14:19,405 30 63 0 -16.54230000000002 2.28
2021-04-10 23:14:19,423 30 63 0 -16.14270000000002 2.2199999999999998
2021-04-10 23:14:19,441 30 63 0 -15.74310000000002 2.2199999999999998
2021-04-10 23:14:19,458 30 63 0 -15.34350000000002 2.2199999999999998
2021-04-10 23:14:19,478 30 63 0 -14.92350000000002 2.0999999999999996
2021-04-10 23:14:19,499 30 63 0 -14.487900000000021 1.9799999999999998
2021-04-10 23:14:19,519 30 63 0 -14.077500000000022 2.1599999999999997
2021-04-10 23:14:19,538 30 63 0 -13.667100000000023 2.1599999999999997
2021-04-10 23:14:19,557 30 63 0 -13.247100000000023 2.0999999999999996
2021-04-10 23:14:19,581 30 63 0 -12.805500000000023 1.9199999999999997
2021-04-10 23:14:19,601 30 63 0 -12.385500000000023 2.0999999999999996
2021-04-10 23:14:19,620 30 63 0 -11.975100000000024 2.1599999999999997
2021-04-10 23:14:19,640 30 63 0 -11.555100000000024 2.0999999999999996
2021-04-10 23:14:19,657 30 63 0 -11.155500000000025 2.2199999999999998
2021-04-10 23:14:19,675 30 63 0 -10.767900000000024 2.28
2021-04-10 23:14:19,693 30 63 0 -10.357500000000025 2.1599999999999997
2021-04-10 23:14:19,711 30 63 0 -9.957900000000025 2.2199999999999998
2021-04-10 23:14:19,729 30 63 0 -9.583500000000026 2.34
2021-04-10 23:14:19,748 30 63 0 -9.173100000000026 2.1599999999999997
2021-04-10 23:14:19,767 30 63 0 -8.762700000000027 2.1599999999999997
2021-04-10 23:14:19,785 30 63 0 -8.363100000000028 2.2199999999999998
2021-04-10 23:14:19,803 30 63 0 -7.952700000000028 2.1599999999999997
2021-04-10 23:14:19,838 30 63 0 -7.511100000000027 1.38
2021-04-10 23:14:19,873 30 63 0 -7.111500000000027 1.08
2021-04-10 23:14:19,891 30 63 0 -6.701100000000027 2.1599999999999997
2021-04-10 23:14:19,910 30 63 0 -6.301500000000027 2.2199999999999998
2021-04-10 23:14:19,930 30 63 0 -5.8731000000000275 2.04
2021-04-10 23:14:19,948 30 63 0 -5.473500000000028 2.2199999999999998
2021-04-10 23:14:19,966 30 63 0 -5.085900000000028 2.28
2021-04-10 23:14:19,988 30 63 0 -5.0 1.9199999999999997
2021-04-10 23:14:20,008 30 63 0 -5.0 2.1599999999999997
2021-04-10 23:14:20,026 30 63 0 -5.0 2.1599999999999997
2021-04-10 23:14:20,046 30 63 0 -5.0 2.2199999999999998
2021-04-10 23:14:20,068 30 63 0 -5.0 1.9199999999999997
2021-04-10 23:14:20,085 30 63 0 -5.0 2.2199999999999998
2021-04-10 23:14:20,106 30 63 0 -5.0 2.0999999999999996
2021-04-10 23:14:20,123 30 63 0 -5.0 2.2199999999999998
2021-04-10 23:14:20,141 30 63 0 -5.0 2.28
2021-04-10 23:14:20,159 30 63 0 -5.0 2.1599999999999997
2021-04-10 23:14:20,178 30 63 0 -5.0 2.2199999999999998
2021-04-10 23:14:20,195 30 63 0 -5.0 2.28
2021-04-10 23:14:20,213 30 63 0 -5.0 2.1599999999999997
2021-04-10 23:14:20,233 30 63 0 -5.0 2.1599999999999997
2021-04-10 23:14:20,251 30 63 0 -5.0 2.2199999999999998
2021-04-10 23:14:20,270 30 63 0 -5.0 2.1599999999999997
2021-04-10 23:14:20,288 30 63 0 -5.0 2.1599999999999997
2021-04-10 23:14:20,306 30 63 0 -5.0 2.28
2021-04-10 23:14:20,325 30 63 0 -5.0 2.1599999999999997
2021-04-10 23:14:20,344 30 63 0 -5.0 2.1599999999999997
2021-04-10 23:14:20,363 30 63 0 -5.0 2.1599999999999997
2021-04-10 23:14:20,383 30 63 0 -5.0 2.1599999999999997
2021-04-10 23:14:20,403 30 63 0 -5.0 2.04
2021-04-10 23:14:20,422 30 63 0 -5.0 2.0999999999999996
2021-04-10 23:14:20,442 30 63 0 -5.0 2.1599999999999997
2021-04-10 23:14:20,460 30 63 0 -5.0 2.2199999999999998
2021-04-10 23:14:20,478 30 63 0 -5.0 2.0999999999999996
2021-04-10 23:14:20,498 30 63 0 -5.0 2.0999999999999996
2021-04-10 23:14:20,517 30 63 0 -5.0 2.2199999999999998
2021-04-10 23:14:20,536 30 63 0 -5.0 2.1599999999999997
2021-04-10 23:14:20,554 30 63 0 -5.0 2.2199999999999998
2021-04-10 23:14:20,573 30 63 0 -5.0 2.1599999999999997
2021-04-10 23:14:20,590 30 63 0 -5.0 2.2199999999999998
2021-04-10 23:14:20,608 30 63 0 -5.0 2.2199999999999998
2021-04-10 23:14:20,626 30 63 0 -5.0 2.2199999999999998
2021-04-10 23:14:20,644 30 63 0 -5.0 2.28
2021-04-10 23:14:20,662 30 63 0 -5.0 2.1599999999999997
2021-04-10 23:14:20,681 30 63 0 -5.0 2.2199999999999998
2021-04-10 23:14:20,699 30 63 0 -5.0 2.2199999999999998
2021-04-10 23:14:20,718 30 63 0 -5.0 2.1599999999999997
2021-04-10 23:14:20,736 30 63 0 -5.0 2.2199999999999998
2021-04-10 23:14:20,754 30 63 0 -5.0 2.2199999999999998
2021-04-10 23:14:20,776 30 63 0 -5.0 2.0999999999999996
2021-04-10 23:14:20,795 30 63 0 -5.0 2.0999999999999996
2021-04-10 23:14:20,816 30 63 0 -5.0 2.04
2021-04-10 23:14:20,838 30 63 0 -5.0 1.9199999999999997
2021-04-10 23:14:20,859 30 63 0 -5.0 2.04
2021-04-10 23:14:20,885 30 63 0 -5.0 1.9199999999999997
2021-04-10 23:14:20,908 30 63 0 -5.0 1.7999999999999998
2021-04-10 23:14:20,934 30 63 0 -5.0 1.6799999999999997
2021-04-10 23:14:20,956 30 63 0 -5.0 2.04
2021-04-10 23:14:20,980 30 63 0 -5.0 1.8599999999999999
2021-04-10 23:14:21,018 30 63 0 -5.0 1.1399999999999997
2021-04-10 23:14:21,050 30 63 0 -5.0 1.2599999999999998
2021-04-10 23:14:21,070 30 63 0 -5.0 2.04
2021-04-10 23:14:21,091 30 63 0 -5.0 2.04
2021-04-10 23:14:21,114 30 63 0 -5.0 1.9799999999999998
2021-04-10 23:14:21,134 30 63 0 -5.0 2.0999999999999996
2021-04-10 23:14:21,155 30 63 0 -5.0 2.04
2021-04-10 23:14:21,177 30 63 0 -5.0 1.9799999999999998
2021-04-10 23:14:21,197 30 63 0 -5.0 2.04
2021-04-10 23:14:21,219 30 63 0 -5.0 2.04
2021-04-10 23:14:21,243 30 63 0 -5.0 1.8599999999999999
2021-04-10 23:14:21,264 30 63 0 -5.0 2.04
2021-04-10 23:14:21,285 30 63 0 -5.0 2.04
2021-04-10 23:14:21,308 30 63 0 -5.0 1.9199999999999997
2021-04-10 23:14:21,329 30 63 0 -5.0 2.04
2021-04-10 23:14:21,353 30 63 0 -5.0 2.04
2021-04-10 23:14:21,392 30 63 0 -5.0 0.8999999999999995
2021-04-10 23:14:21,426 30 63 0 -5.0 1.2599999999999998
2021-04-10 23:14:21,461 30 63 0 -5.0 1.2000000000000002
2021-04-10 23:14:21,498 30 63 0 -5.0 1.0199999999999996
2021-04-10 23:14:21,535 30 63 0 -5.0 1.08
2021-04-10 23:14:21,555 30 63 0 -5.0 1.9799999999999998
2021-04-10 23:14:21,574 30 63 0 -5.0 2.1599999999999997
2021-04-10 23:14:21,592 30 63 0 -5.0 2.1599999999999997
2021-04-10 23:14:21,610 30 63 0 -5.0 2.2199999999999998
2021-04-10 23:14:21,628 30 63 0 -5.0 2.2199999999999998
2021-04-10 23:14:21,649 30 63 0 -5.0 2.1599999999999997
2021-04-10 23:14:21,667 30 63 0 -5.0 2.1599999999999997
2021-04-10 23:14:21,684 30 63 0 -5.0 2.2199999999999998
2021-04-10 23:14:21,704 30 63 0 -5.0 2.1599999999999997
2021-04-10 23:14:21,722 30 63 0 -5.0 2.2199999999999998
2021-04-10 23:14:21,739 30 63 0 -5.0 2.28
2021-04-10 23:14:21,757 30 78 0 -5.0 3.78
2021-04-10 23:14:21,775 30 78 0 -5.0 3.7199999999999998
2021-04-10 23:14:21,792 30 78 0 -5.0 3.78
2021-04-10 23:14:21,809 30 78 0 -5.0 3.78
2021-04-10 23:14:21,827 30 78 0 -5.0 3.6599999999999997
2021-04-10 23:14:21,844 30 78 0 -5.0 3.78
2021-04-10 23:14:21,863 30 78 0 -5.0 3.7199999999999998
2021-04-10 23:14:21,881 30 78 0 -5.0 3.7199999999999998
2021-04-10 23:14:21,898 30 78 0 -5.0 3.7199999999999998
2021-04-10 23:14:21,916 30 78 0 -5.0 3.78
2021-04-10 23:14:21,934 30 78 0 -5.0 3.6599999999999997
2021-04-10 23:14:21,953 30 78 0 -5.0 3.7199999999999998
2021-04-10 23:14:21,983 30 78 0 -5.0 3.1199999999999997
2021-04-10 23:14:22,007 30 78 0 -5.0 3.2399999999999998
2021-04-10 23:14:22,026 30 78 0 -5.0 3.6599999999999997
2021-04-10 23:14:22,045 30 78 0 -5.0 3.6599999999999997
2021-04-10 23:14:22,064 30 78 0 -5.0 3.6599999999999997
2021-04-10 23:14:22,081 30 78 0 -5.0 3.7199999999999998
2021-04-10 23:14:22,099 30 78 0 -5.0 3.7199999999999998
2021-04-10 23:14:22,117 30 78 0 -5.0 3.7199999999999998
2021-04-10 23:14:22,135 30 78 0 -5.0 3.78
2021-04-10 23:14:22,153 30 78 0 -5.0 3.7199999999999998
2021-04-10 23:14:22,171 30 78 0 -5.0 3.7199999999999998
2021-04-10 23:14:22,189 30 78 0 -5.0 3.7199999999999998
2021-04-10 23:14:22,207 30 78 0 -5.0 3.7199999999999998
2021-04-10 23:14:22,225 30 78 0 -5.0 3.7199999999999998
2021-04-10 23:14:22,243 30 78 0 -5.0 3.7199999999999998
2021-04-10 23:14:22,261 30 78 0 -5.0 3.7199999999999998
2021-04-10 23:14:22,279 30 78 0 -5.0 3.7199999999999998
2021-04-10 23:14:22,296 30 78 0 -5.0 3.7199999999999998
2021-04-10 23:14:22,315 30 78 0 -5.0 3.7199999999999998
2021-04-10 23:14:22,334 30 78 0 -5.0 3.6599999999999997
2021-04-10 23:14:22,354 30 78 0 -5.0 3.5999999999999996
2021-04-10 23:14:22,375 30 78 0 -5.0 3.4799999999999995
2021-04-10 23:14:22,395 30 78 0 -5.0 3.5999999999999996
2021-04-10 23:14:22,417 30 78 0 -5.0 3.54
2021-04-10 23:14:22,439 30 78 0 -5.0 3.4799999999999995
2021-04-10 23:14:22,461 30 78 0 -5.0 3.36
2021-04-10 23:14:22,499 30 78 0 -5.0 2.94
2021-04-10 23:14:22,524 30 78 0 -5.0 2.94
2021-04-10 23:14:22,549 30 78 0 -5.0 3.3
2021-04-10 23:14:22,576 30 78 0 -5.0 3.1799999999999997
2021-04-10 23:14:22,600 30 78 0 -5.0 3.36
2021-04-10 23:14:22,623 30 78 0 -5.0 3.42
2021-04-10 23:14:22,658 30 78 0 -5.0 2.7
2021-04-10 23:14:22,699 30 78 0 -5.0 2.46
2021-04-10 23:14:22,740 30 78 0 -5.0 2.34
2021-04-10 23:14:22,778 30 78 0 -5.0 2.5199999999999996
2021-04-10 23:14:22,803 30 78 0 -5.0 3.1799999999999997
2021-04-10 23:14:22,824 30 78 0 -5.0 3.5999999999999996
2021-04-10 23:14:22,843 30 78 0 -5.0 3.5999999999999996
2021-04-10 23:14:22,864 30 78 0 -5.0 3.5999999999999996
2021-04-10 23:14:22,882 30 78 0 -5.0 3.6599999999999997
2021-04-10 23:14:22,900 30 78 0 -5.0 3.78
2021-04-10 23:14:22,918 30 78 0 -5.0 3.7199999999999998
2021-04-10 23:14:22,937 30 78 0 -5.0 3.6599999999999997
2021-04-10 23:14:22,955 30 78 0 -5.0 3.7199999999999998
2021-04-10 23:14:22,973 30 78 0 -5.0 3.7199999999999998
2021-04-10 23:14:23,000 30 78 0 -5.0 3.3
2021-04-10 23:14:23,036 30 78 0 -5.0 2.6399999999999997
2021-04-10 23:14:23,061 30 78 0 -5.0 3.1799999999999997
2021-04-10 23:14:23,081 30 78 0 -5.0 3.5999999999999996
2021-04-10 23:14:23,099 30 78 0 -5.0 3.7199999999999998
2021-04-10 23:14:23,117 30 78 0 -5.0 3.7199999999999998
2021-04-10 23:14:23,135 30 78 0 -5.0 3.7199999999999998
2021-04-10 23:14:23,156 30 78 0 -5.0 3.4799999999999995
2021-04-10 23:14:23,174 30 78 0 -5.0 3.78
2021-04-10 23:14:23,191 30 78 0 -5.0 3.78
2021-04-10 23:14:23,209 30 78 0 -5.0 3.7199999999999998
2021-04-10 23:14:23,226 30 78 0 -5.0 3.7199999999999998
2021-04-10 23:14:23,244 30 78 0 -5.0 3.78
2021-04-10 23:14:23,267 30 78 0 -5.0 3.42
2021-04-10 23:14:23,295 30 78 0 -5.0 3.1199999999999997
2021-04-10 23:14:23,314 30 78 0 -5.0 3.5999999999999996
2021-04-10 23:14:23,335 30 78 0 -5.0 3.5999999999999996
2021-04-10 23:14:23,354 30 78 0 -5.0 3.6599999999999997
2021-04-10 23:14:23,372 30 78 0 -5.0 3.6599999999999997
2021-04-10 23:14:23,392 30 78 0 -5.0 3.6599999999999997
2021-04-10 23:14:23,411 30 78 0 -5.0 3.5999999999999996
2021-04-10 23:14:23,429 30 78 0 -5.0 3.7199999999999998
2021-04-10 23:14:23,448 30 78 0 -5.0 3.7199999999999998
2021-04-10 23:14:23,467 30 78 0 -5.0 3.5999999999999996
2021-04-10 23:14:23,486 30 78 0 -5.0 3.6599999999999997
2021-04-10 23:14:23,505 30 78 0 -5.0 3.5999999999999996
2021-04-10 23:14:23,524 30 78 0 -5.0 3.7199999999999998
2021-04-10 23:14:23,542 30 78 0 -5.0 3.6599999999999997
2021-04-10 23:14:23,562 30 78 0 -5.0 3.6599999999999997
2021-04-10 23:14:23,581 30 78 0 -5.0 3.6599999999999997
2021-04-10 23:14:23,598 30 78 0 -5.0 3.7199999999999998
2021-04-10 23:14:23,617 30 78 0 -5.0 3.7199999999999998
2021-04-10 23:14:23,636 30 78 0 -5.0 3.6599999999999997
2021-04-10 23:14:23,653 30 78 0 -5.0 3.78
2021-04-10 23:14:23,673 30 78 0 -5.0 3.6599999999999997
2021-04-10 23:14:23,690 30 78 0 -5.0 3.6599999999999997
2021-04-10 23:14:23,708 30 78 0 -5.0 3.7199999999999998
2021-04-10 23:14:23,727 30 78 0 -5.0 3.7199999999999998
2021-04-10 23:14:23,745 30 78 0 -5.0 3.7199999999999998
2021-04-10 23:14:23,763 30 78 0 -5.0 3.78
2021-04-10 23:14:23,782 30 78 0 -5.0 3.6599999999999997
2021-04-10 23:14:23,799 30 78 0 -5.0 3.7199999999999998
2021-04-10 23:14:23,818 30 78 0 -5.0 3.7199999999999998
2021-04-10 23:14:23,836 30 78 0 -5.0 3.7199999999999998
2021-04-10 23:14:23,855 30 78 0 -5.0 3.5999999999999996
2021-04-10 23:14:23,873 30 78 0 -5.0 3.7199999999999998
2021-04-10 23:14:23,894 30 78 0 -5.0 3.5999999999999996
2021-04-10 23:14:23,912 30 78 0 -5.0 3.7199999999999998
2021-04-10 23:14:23,930 30 78 0 -5.0 3.7199999999999998
2021-04-10 23:14:23,949 30 78 0 -5.0 3.6599999999999997
2021-04-10 23:14:23,968 30 78 0 -5.0 3.6599999999999997
2021-04-10 23:14:23,988 30 78 0 -5.0 3.5999999999999996
2021-04-10 23:14:24,008 30 78 0 -5.0 3.5999999999999996
2021-04-10 23:14:24,026 30 78 0 -5.0 3.6599999999999997
2021-04-10 23:14:24,044 30 78 0 -5.0 3.78
2021-04-10 23:14:24,074 30 78 0 -5.0 3.1199999999999997
2021-04-10 23:14:24,112 30 78 0 -5.0 2.5199999999999996
2021-04-10 23:14:24,133 30 78 0 -5.0 3.36
2021-04-10 23:14:24,152 30 78 0 -5.0 3.7199999999999998
2021-04-10 23:14:24,169 30 78 0 -5.0 3.7199999999999998
2021-04-10 23:14:24,188 30 78 0 -5.0 3.7199999999999998
2021-04-10 23:14:24,207 30 78 0 -5.0 3.6599999999999997
2021-04-10 23:14:24,226 30 78 0 -5.0 3.6599999999999997
2021-04-10 23:14:24,246 30 78 0 -5.0 3.6599999999999997
2021-04-10 23:14:24,268 30 78 1 -5.0 3.36
2021-04-10 23:14:24,292 30 78 1 -5.0 3.4799999999999995
2021-04-10 23:14:24,329 30 78 1 -5.0 2.6399999999999997
2021-04-10 23:14:24,363 30 78 1 -5.0 2.7
2021-04-10 23:14:24,408 30 78 1 -5.0 2.0999999999999996
2021-04-10 23:14:24,450 30 78 1 -5.0 2.28
2021-04-10 23:14:24,500 30 78 1 -5.0 1.7399999999999998
2021-04-10 23:14:24,540 30 78 1 -5.0 2.3999999999999995
2021-04-10 23:14:24,578 30 78 1 -5.0 2.46
2021-04-10 23:14:24,619 30 78 1 -5.0 2.3999999999999995
2021-04-10 23:14:24,666 30 78 2 -5.0 1.98
2021-04-10 23:14:24,718 30 78 2 -5.0 1.7399999999999998
2021-04-10 23:14:24,768 30 78 2 -5.0 1.7999999999999998
2021-04-10 23:14:24,822 30 78 2 -5.0 1.6799999999999997
2021-04-10 23:14:24,864 30 78 2 -5.0 2.2199999999999998
2021-04-10 23:14:24,906 30 78 2 -5.0 2.28
2021-04-10 23:14:24,942 30 78 2 -5.0 2.5199999999999996
2021-04-10 23:14:24,977 30 78 2 -5.0 2.76
2021-04-10 23:14:25,022 30 78 2 -5.0 2.0399999999999996
2021-04-10 23:14:25,084 30 74 2 -5.0 0.6800000000000006
2021-04-10 23:14:25,124 30 74 3 -5.0 2.0
2021-04-10 23:14:25,156 30 74 3 -5.0 2.4800000000000004
2021-04-10 23:14:25,183 30 74 3 -5.0 2.7800000000000002
2021-04-10 23:14:25,212 30 74 3 -5.0 2.6600000000000006
2021-04-10 23:14:25,234 30 74 3 -5.0 3.08
2021-04-10 23:14:25,261 30 74 3 -5.0 2.9000000000000004
2021-04-10 23:14:25,300 30 74 3 -5.0 2.12
2021-04-10 23:14:25,336 30 74 3 -5.0 2.1800000000000006
2021-04-10 23:14:25,374 30 74 3 -5.0 2.12
2021-04-10 23:14:25,412 30 74 3 -5.0 2.1800000000000006
2021-04-10 23:14:25,450 30 74 4 -5.0 2.0600000000000005
2021-04-10 23:14:25,493 30 74 4 -5.0 1.8200000000000003
2021-04-10 23:14:25,524 30 74 4 -5.0 2.3600000000000003
2021-04-10 23:14:25,549 30 74 4 -5.0 3.0200000000000005
2021-04-10 23:14:25,589 30 74 4 -5.0 2.0600000000000005
2021-04-10 23:14:25,626 30 74 4 -5.0 2.12
2021-04-10 23:14:25,663 30 74 4 -5.0 2.1800000000000006
2021-04-10 23:14:25,756 30 74 4 -5.9646 -1.0599999999999996
2021-04-10 23:14:25,849 30 74 4 -7.061999999999999 -1.1799999999999997
2021-04-10 23:14:25,915 30 74 4 -6.8073999999999995 0.3799999999999999
2021-04-10 23:14:26,006 30 74 4 -7.771999999999999 -1.0599999999999996
2021-04-10 23:14:26,058 30 74 4 -7.0886 1.3400000000000003
2021-04-10 23:14:26,105 30 74 4 -6.358999999999999 1.5200000000000005
2021-04-10 23:14:26,143 30 74 4 -5.558999999999999 2.0
2021-04-10 23:14:26,168 30 74 5 -5.0 2.9000000000000004
2021-04-10 23:14:26,191 30 74 5 -5.0 3.0200000000000005
2021-04-10 23:14:26,224 30 74 5 -5.0 2.6000000000000005
2021-04-10 23:14:26,269 30 74 5 -5.0 1.7000000000000002
2021-04-10 23:14:26,300 30 74 5 -5.0 2.3600000000000003
2021-04-10 23:14:26,322 30 74 5 -5.0 3.08
2021-04-10 23:14:26,345 30 74 6 -5.0 3.0200000000000005
2021-04-10 23:14:26,369 30 74 6 -5.0 2.9000000000000004
2021-04-10 23:14:26,392 30 74 6 -5.0 3.08
2021-04-10 23:14:26,416 30 74 6 -5.0 2.9000000000000004
2021-04-10 23:14:26,440 30 74 6 -5.0 3.0200000000000005
2021-04-10 23:14:26,486 30 60 6 -5.0 0.7199999999999998
2021-04-10 23:14:26,535 30 60 6 -5.2394 -0.41999999999999993
2021-04-10 23:14:26,577 30 60 6 -5.0378 0.48
2021-04-10 23:14:26,621 30 60 6 -5.0 0.41999999999999993
2021-04-10 23:14:26,660 30 60 6 -5.0 0.54
2021-04-10 23:14:26,700 30 60 7 -5.0 0.7199999999999998
2021-04-10 23:14:26,737 30 60 7 -5.0 0.7800000000000002
2021-04-10 23:14:26,777 30 60 7 -5.0 0.54
2021-04-10 23:14:26,814 30 60 7 -5.0 0.8399999999999999
2021-04-10 23:14:26,855 30 60 7 -5.0 0.5999999999999996
2021-04-10 23:14:26,894 30 60 7 -5.0 0.54
2021-04-10 23:14:26,935 30 60 7 -5.0 0.54
2021-04-10 23:14:26,980 30 60 7 -5.0 0.3599999999999999
2021-04-10 23:14:27,029 30 60 7 -5.0 0.1200000000000001
2021-04-10 23:14:27,095 30 60 7 -5.683400000000001 -1.0200000000000005
2021-04-10 23:14:27,144 30 61 7 -5.527000000000001 0.33999999999999986
